# JRE version: OpenJDK Runtime Environment Microsoft-8035246 (17.0.8+7) (build 17.0.8+7-LTS)
# Java VM: OpenJDK 64-Bit Server VM Microsoft-8035246 (17.0.8+7-LTS, mixed mode, sharing, tiered, compressed oops, compressed class ptrs, g1 gc, windows-amd64)
GC Precious Log:
 CPUs: 8 total, 8 available
 Memory: 8151M
 Large Page Support: Disabled
 NUMA Support: Disabled
 Compressed Oops: Enabled (32-bit)
 Heap Region Size: 1M
 Heap Min Capacity: 8M
 Heap Initial Capacity: 128M
 Heap Max Capacity: 2G
 Pre-touch: Disabled
 Parallel Workers: 8
 Concurrent Workers: 2
 Concurrent Refinement Workers: 8
 Periodic GC: Disabled
Heap:
 garbage-first heap   total 242688K, used 195007K [0x0000000080000000, 0x0000000100000000)
  region size 1024K, 8 young (8192K), 2 survivors (2048K)
 Metaspace       used 108155K, committed 109248K, reserved 557056K
  class space    used 15066K, committed 15552K, reserved 425984K
GC Heap History (20 events):
Event: 51.783 GC heap before
{Heap before GC invocations=72 (full 0):
 garbage-first heap   total 242688K, used 199208K [0x0000000080000000, 0x0000000100000000)
  region size 1024K, 45 young (46080K), 3 survivors (3072K)
 Metaspace       used 101176K, committed 102208K, reserved 557056K
  class space    used 14166K, committed 14592K, reserved 425984K
}
Event: 51.792 GC heap after
{Heap after GC invocations=73 (full 0):
 garbage-first heap   total 242688K, used 166196K [0x0000000080000000, 0x0000000100000000)
  region size 1024K, 6 young (6144K), 6 survivors (6144K)
 Metaspace       used 101176K, committed 102208K, reserved 557056K
  class space    used 14166K, committed 14592K, reserved 425984K
}
Event: 52.695 GC heap before
{Heap before GC invocations=73 (full 0):
 garbage-first heap   total 242688K, used 199988K [0x0000000080000000, 0x0000000100000000)
  region size 1024K, 39 young (39936K), 6 survivors (6144K)
 Metaspace       used 103710K, committed 104768K, reserved 557056K
  class space    used 14573K, committed 15040K, reserved 425984K
}
Event: 52.703 GC heap after
{Heap after GC invocations=74 (full 0):
 garbage-first heap   total 242688K, used 169362K [0x0000000080000000, 0x0000000100000000)
  region size 1024K, 3 young (3072K), 3 survivors (3072K)
 Metaspace       used 103710K, committed 104768K, reserved 557056K
  class space    used 14573K, committed 15040K, reserved 425984K
}
Event: 53.814 GC heap before
{Heap before GC invocations=74 (full 0):
 garbage-first heap   total 242688K, used 202130K [0x0000000080000000, 0x0000000100000000)
  region size 1024K, 35 young (35840K), 3 survivors (3072K)
 Metaspace       used 106106K, committed 107264K, reserved 557056K
  class space    used 14841K, committed 15360K, reserved 425984K
}
Event: 53.821 GC heap after
{Heap after GC invocations=75 (full 0):
 garbage-first heap   total 242688K, used 173251K [0x0000000080000000, 0x0000000100000000)
  region size 1024K, 5 young (5120K), 5 survivors (5120K)
 Metaspace       used 106106K, committed 107264K, reserved 557056K
  class space    used 14841K, committed 15360K, reserved 425984K
}
Event: 54.725 GC heap before
{Heap before GC invocations=75 (full 0):
 garbage-first heap   total 242688K, used 203971K [0x0000000080000000, 0x0000000100000000)
  region size 1024K, 35 young (35840K), 5 survivors (5120K)
 Metaspace       used 106673K, committed 107712K, reserved 557056K
  class space    used 14898K, committed 15360K, reserved 425984K
}
Event: 54.736 GC heap after
{Heap after GC invocations=76 (full 0):
 garbage-first heap   total 242688K, used 177078K [0x0000000080000000, 0x0000000100000000)
  region size 1024K, 4 young (4096K), 4 survivors (4096K)
 Metaspace       used 106673K, committed 107712K, reserved 557056K
  class space    used 14898K, committed 15360K, reserved 425984K
}
Event: 55.360 GC heap before
{Heap before GC invocations=76 (full 0):
 garbage-first heap   total 242688K, used 205750K [0x0000000080000000, 0x0000000100000000)
  region size 1024K, 32 young (32768K), 4 survivors (4096K)
 Metaspace       used 106874K, committed 107968K, reserved 557056K
  class space    used 14911K, committed 15360K, reserved 425984K
}
Event: 55.367 GC heap after
{Heap after GC invocations=77 (full 0):
 garbage-first heap   total 242688K, used 180044K [0x0000000080000000, 0x0000000100000000)
  region size 1024K, 4 young (4096K), 4 survivors (4096K)
 Metaspace       used 106874K, committed 107968K, reserved 557056K
  class space    used 14911K, committed 15360K, reserved 425984K
}
Event: 56.019 GC heap before
{Heap before GC invocations=77 (full 0):
 garbage-first heap   total 242688K, used 205644K [0x0000000080000000, 0x0000000100000000)
  region size 1024K, 30 young (30720K), 4 survivors (4096K)
 Metaspace       used 107494K, committed 108608K, reserved 557056K
  class space    used 15011K, committed 15488K, reserved 425984K
}
Event: 56.027 GC heap after
{Heap after GC invocations=78 (full 0):
 garbage-first heap   total 242688K, used 182844K [0x0000000080000000, 0x0000000100000000)
  region size 1024K, 3 young (3072K), 3 survivors (3072K)
 Metaspace       used 107494K, committed 108608K, reserved 557056K
  class space    used 15011K, committed 15488K, reserved 425984K
}
Event: 56.739 GC heap before
{Heap before GC invocations=78 (full 0):
 garbage-first heap   total 242688K, used 207420K [0x0000000080000000, 0x0000000100000000)
  region size 1024K, 28 young (28672K), 3 survivors (3072K)
 Metaspace       used 107725K, committed 108800K, reserved 557056K
  class space    used 15018K, committed 15488K, reserved 425984K
}
Event: 56.743 GC heap after
{Heap after GC invocations=79 (full 0):
 garbage-first heap   total 242688K, used 184059K [0x0000000080000000, 0x0000000100000000)
  region size 1024K, 2 young (2048K), 2 survivors (2048K)
 Metaspace       used 107725K, committed 108800K, reserved 557056K
  class space    used 15018K, committed 15488K, reserved 425984K
}
Event: 57.362 GC heap before
{Heap before GC invocations=79 (full 0):
 garbage-first heap   total 242688K, used 208635K [0x0000000080000000, 0x0000000100000000)
  region size 1024K, 26 young (26624K), 2 survivors (2048K)
 Metaspace       used 108029K, committed 109120K, reserved 557056K
  class space    used 15065K, committed 15552K, reserved 425984K
}
Event: 57.366 GC heap after
{Heap after GC invocations=80 (full 0):
 garbage-first heap   total 242688K, used 186674K [0x0000000080000000, 0x0000000100000000)
  region size 1024K, 4 young (4096K), 4 survivors (4096K)
 Metaspace       used 108029K, committed 109120K, reserved 557056K
  class space    used 15065K, committed 15552K, reserved 425984K
}
Event: 57.727 GC heap before
{Heap before GC invocations=80 (full 0):
 garbage-first heap   total 242688K, used 208178K [0x0000000080000000, 0x0000000100000000)
  region size 1024K, 26 young (26624K), 4 survivors (4096K)
 Metaspace       used 108149K, committed 109248K, reserved 557056K
  class space    used 15066K, committed 15552K, reserved 425984K
}
Event: 57.732 GC heap after
{Heap after GC invocations=81 (full 0):
 garbage-first heap   total 242688K, used 188812K [0x0000000080000000, 0x0000000100000000)
  region size 1024K, 3 young (3072K), 3 survivors (3072K)
 Metaspace       used 108149K, committed 109248K, reserved 557056K
  class space    used 15066K, committed 15552K, reserved 425984K
}
Event: 58.279 GC heap before
{Heap before GC invocations=81 (full 0):
 garbage-first heap   total 242688K, used 209292K [0x0000000080000000, 0x0000000100000000)
  region size 1024K, 24 young (24576K), 3 survivors (3072K)
 Metaspace       used 108155K, committed 109248K, reserved 557056K
  class space    used 15066K, committed 15552K, reserved 425984K
}
Event: 58.282 GC heap after
{Heap after GC invocations=82 (full 0):
 garbage-first heap   total 242688K, used 189887K [0x0000000080000000, 0x0000000100000000)
  region size 1024K, 2 young (2048K), 2 survivors (2048K)
 Metaspace       used 108155K, committed 109248K, reserved 557056K
  class space    used 15066K, committed 15552K, reserved 425984K
}

